<?xml version="1.0" encoding="utf-8"?><testsuites name="pytest tests"><testsuite name="pytest" errors="0" failures="0" skipped="0" tests="19" time="3.722" timestamp="2026-01-25T07:55:02.569006+00:00" hostname="agent-env-5cb83122-84af-44b4-91b5-78aa59e606f8"><testcase classname="backend.tests.test_pitchfire_api.TestHealthCheck" name="test_health_check" time="0.084" /><testcase classname="backend.tests.test_pitchfire_api.TestAuthSignup" name="test_signup_new_user" time="0.269" /><testcase classname="backend.tests.test_pitchfire_api.TestAuthSignup" name="test_signup_duplicate_email" time="0.035" /><testcase classname="backend.tests.test_pitchfire_api.TestAuthLogin" name="test_login_existing_user" time="0.258" /><testcase classname="backend.tests.test_pitchfire_api.TestAuthLogin" name="test_login_invalid_credentials" time="0.295" /><testcase classname="backend.tests.test_pitchfire_api.TestAuthLogin" name="test_login_nonexistent_user" time="0.038" /><testcase classname="backend.tests.test_pitchfire_api.TestAuthMe" name="test_get_me_authenticated" time="0.304" /><testcase classname="backend.tests.test_pitchfire_api.TestAuthMe" name="test_get_me_unauthenticated" time="0.035" /><testcase classname="backend.tests.test_pitchfire_api.TestAuthMe" name="test_get_me_invalid_token" time="0.074" /><testcase classname="backend.tests.test_pitchfire_api.TestBusinessConfig" name="test_get_business_config" time="0.304" /><testcase classname="backend.tests.test_pitchfire_api.TestBusinessConfig" name="test_update_business_config" time="0.480" /><testcase classname="backend.tests.test_pitchfire_api.TestBusinessConfig" name="test_business_config_unauthenticated" time="0.035" /><testcase classname="backend.tests.test_pitchfire_api.TestPlans" name="test_get_plans" time="0.034" /><testcase classname="backend.tests.test_pitchfire_api.TestStats" name="test_get_stats" time="0.304" /><testcase classname="backend.tests.test_pitchfire_api.TestStats" name="test_stats_unauthenticated" time="0.034" /><testcase classname="backend.tests.test_pitchfire_api.TestProposals" name="test_get_proposals" time="0.292" /><testcase classname="backend.tests.test_pitchfire_api.TestProposals" name="test_proposals_unauthenticated" time="0.034" /><testcase classname="backend.tests.test_pitchfire_api.TestPlanUpgrade" name="test_upgrade_to_starter" time="0.386" /><testcase classname="backend.tests.test_pitchfire_api.TestPlanUpgrade" name="test_upgrade_invalid_plan" time="0.292" /></testsuite></testsuites>